[INFO] [2026-04-04T16:05:50.158Z] Получение списка товаров
[INFO] [2026-04-04T16:05:50.159Z] Получение всех товаров
[INFO] [2026-04-04T16:05:50.166Z] Получение всех категорий
[INFO] [2026-04-04T16:05:50.168Z] Получение всех брендов
[INFO] [2026-04-04T16:05:50.384Z] Получено товаров: 1
[INFO] [2026-04-04T16:08:39.209Z] Получение списка товаров
[INFO] [2026-04-04T16:08:39.210Z] Получение всех товаров
[INFO] [2026-04-04T16:08:39.213Z] Получение всех категорий
[INFO] [2026-04-04T16:08:39.215Z] Получение всех брендов
[INFO] [2026-04-04T16:08:39.558Z] Получено товаров: 1
[INFO] [2026-04-04T16:09:17.930Z] Получение списка товаров
[INFO] [2026-04-04T16:09:17.932Z] Получение всех товаров
[INFO] [2026-04-04T16:09:17.934Z] Получение всех категорий
[INFO] [2026-04-04T16:09:17.936Z] Получение всех брендов
[INFO] [2026-04-04T16:09:18.175Z] Получено товаров: 1
[INFO] [2026-04-04T16:15:51.571Z] Получение списка товаров
[INFO] [2026-04-04T16:15:51.572Z] Получение всех товаров
[INFO] [2026-04-04T16:15:51.578Z] Получение всех категорий
[INFO] [2026-04-04T16:15:51.581Z] Получение всех брендов
[INFO] [2026-04-04T16:15:52.025Z] Получено товаров: 1
[INFO] [2026-04-04T16:16:04.345Z] Получение списка товаров
[INFO] [2026-04-04T16:16:04.346Z] Получение всех товаров
[INFO] [2026-04-04T16:16:04.351Z] Получение всех категорий
[INFO] [2026-04-04T16:16:04.353Z] Получение всех брендов
[INFO] [2026-04-04T16:16:04.594Z] Получено товаров: 1
[INFO] [2026-04-04T16:17:23.081Z] Получение списка товаров
[INFO] [2026-04-04T16:17:23.084Z] Получение всех товаров
[INFO] [2026-04-04T16:17:23.097Z] Получение всех категорий
[INFO] [2026-04-04T16:17:23.100Z] Получение всех брендов
[INFO] [2026-04-04T16:17:23.395Z] Получено товаров: 1
[INFO] [2026-04-04T16:19:45.293Z] Получение списка товаров
[INFO] [2026-04-04T16:19:45.294Z] Получение всех товаров
[INFO] [2026-04-04T16:19:45.297Z] Получение всех категорий
[INFO] [2026-04-04T16:19:45.299Z] Получение всех брендов
[INFO] [2026-04-04T16:19:45.479Z] Получено товаров: 1
[INFO] [2026-04-04T16:22:39.617Z] Получение всех категорий
[INFO] [2026-04-04T16:22:39.621Z] Получение списка товаров
[INFO] [2026-04-04T16:22:39.623Z] Получение всех товаров
[INFO] [2026-04-04T16:22:39.626Z] Получение всех брендов
[INFO] [2026-04-04T16:22:39.883Z] Получено товаров: 1
[INFO] [2026-04-04T16:27:06.105Z] Получение списка товаров
[INFO] [2026-04-04T16:27:06.108Z] Получение всех товаров
[INFO] [2026-04-04T16:27:06.119Z] Получение всех категорий
[INFO] [2026-04-04T16:27:06.122Z] Получение всех брендов
[INFO] [2026-04-04T16:27:06.430Z] Получено товаров: 1
[INFO] [2026-04-04T16:27:27.804Z] Получение списка товаров
[INFO] [2026-04-04T16:27:27.805Z] Получение всех товаров
[INFO] [2026-04-04T16:27:27.807Z] Получение всех категорий
[INFO] [2026-04-04T16:27:27.809Z] Получение всех брендов
[INFO] [2026-04-04T16:27:28.023Z] Получено товаров: 1
[INFO] [2026-04-04T16:27:33.731Z] Получение списка товаров
[INFO] [2026-04-04T16:27:33.733Z] Получение всех товаров
[INFO] [2026-04-04T16:27:33.735Z] Получение всех категорий
[INFO] [2026-04-04T16:27:33.737Z] Получение всех брендов
[INFO] [2026-04-04T16:27:33.855Z] Получено товаров: 1
[INFO] [2026-04-04T16:28:20.163Z] Получение списка товаров
[INFO] [2026-04-04T16:28:20.164Z] Получение всех товаров
[INFO] [2026-04-04T16:28:20.166Z] Получение всех категорий
[INFO] [2026-04-04T16:28:20.167Z] Получение всех брендов
[INFO] [2026-04-04T16:28:20.343Z] Получено товаров: 1
[INFO] [2026-04-04T16:31:18.516Z] Получение списка товаров
[INFO] [2026-04-04T16:31:18.517Z] Получение всех товаров
[INFO] [2026-04-04T16:31:18.703Z] Получено товаров: 1
[INFO] [2026-04-04T16:31:34.622Z] Получение списка товаров
[INFO] [2026-04-04T16:31:34.623Z] Получение всех товаров
[INFO] [2026-04-04T16:31:34.888Z] Получено товаров: 1
[INFO] [2026-04-04T16:31:59.199Z] Получение списка товаров
[INFO] [2026-04-04T16:31:59.200Z] Получение всех товаров
[INFO] [2026-04-04T16:31:59.203Z] Получение всех категорий
[INFO] [2026-04-04T16:31:59.207Z] Получение всех брендов
[INFO] [2026-04-04T16:31:59.536Z] Получено товаров: 1
[INFO] [2026-04-04T16:32:10.392Z] Получение списка товаров
[INFO] [2026-04-04T16:32:10.393Z] Получение всех товаров
[INFO] [2026-04-04T16:32:10.398Z] Получение всех категорий
[INFO] [2026-04-04T16:32:10.403Z] Получение всех брендов
[INFO] [2026-04-04T16:32:10.739Z] Получено товаров: 1
[INFO] [2026-04-04T16:33:25.605Z] Получение списка товаров
[INFO] [2026-04-04T16:33:25.609Z] Получение всех товаров
[INFO] [2026-04-04T16:33:25.622Z] Получение всех категорий
[INFO] [2026-04-04T16:33:25.626Z] Получение всех брендов
[INFO] [2026-04-04T16:33:26.008Z] Получено товаров: 1
[INFO] [2026-04-04T16:42:14.480Z] Получение списка товаров
[INFO] [2026-04-04T16:42:14.483Z] Получение всех товаров
[INFO] [2026-04-04T16:42:14.501Z] Получение всех категорий
[INFO] [2026-04-04T16:42:14.505Z] Получение всех брендов
[INFO] [2026-04-04T16:42:14.920Z] Получено товаров: 1
[INFO] [2026-04-04T16:42:45.930Z] Получение списка товаров
[INFO] [2026-04-04T16:42:45.931Z] Получение всех товаров
[INFO] [2026-04-04T16:42:45.935Z] Получение всех категорий
[INFO] [2026-04-04T16:42:45.938Z] Получение всех брендов
[INFO] [2026-04-04T16:42:46.287Z] Получено товаров: 1
[INFO] [2026-04-04T16:44:39.211Z] Получение списка товаров
[INFO] [2026-04-04T16:44:39.213Z] Получение всех товаров
[INFO] [2026-04-04T16:44:39.223Z] Получение всех категорий
[INFO] [2026-04-04T16:44:39.230Z] Получение всех брендов
[INFO] [2026-04-04T16:44:39.641Z] Получено товаров: 1
[INFO] [2026-04-04T16:45:31.515Z] Получение списка товаров
[INFO] [2026-04-04T16:45:31.518Z] Получение всех товаров
[INFO] [2026-04-04T16:45:31.532Z] Получение всех категорий
[INFO] [2026-04-04T16:45:31.537Z] Получение всех брендов
[INFO] [2026-04-04T16:45:31.893Z] Получено товаров: 1
[INFO] [2026-04-04T16:46:59.891Z] Получение списка товаров
[INFO] [2026-04-04T16:46:59.893Z] Получение всех товаров
[INFO] [2026-04-04T16:46:59.900Z] Получение всех категорий
[INFO] [2026-04-04T16:46:59.904Z] Получение всех брендов
[INFO] [2026-04-04T16:47:00.276Z] Получено товаров: 1
[INFO] [2026-04-04T16:48:29.910Z] Получение списка товаров
[INFO] [2026-04-04T16:48:29.914Z] Получение всех товаров
[INFO] [2026-04-04T16:48:29.933Z] Получение всех категорий
[INFO] [2026-04-04T16:48:29.938Z] Получение всех брендов
[INFO] [2026-04-04T16:48:30.337Z] Получено товаров: 1
[INFO] [2026-04-04T16:59:11.478Z] Получение списка товаров
[INFO] [2026-04-04T16:59:11.481Z] Получение всех товаров
[INFO] [2026-04-04T16:59:11.492Z] Получение всех категорий
[INFO] [2026-04-04T16:59:11.495Z] Получение всех брендов
[INFO] [2026-04-04T16:59:11.870Z] Получено товаров: 1
[INFO] [2026-04-04T16:59:26.096Z] Получение списка товаров
[INFO] [2026-04-04T16:59:26.097Z] Получение всех товаров
[INFO] [2026-04-04T16:59:26.109Z] Получение всех категорий
[INFO] [2026-04-04T16:59:26.116Z] Получение всех брендов
[INFO] [2026-04-04T16:59:26.516Z] Получено товаров: 1
[INFO] [2026-04-04T17:03:33.402Z] Получение списка товаров
[INFO] [2026-04-04T17:03:33.428Z] Получение всех товаров
[INFO] [2026-04-04T17:03:33.451Z] Получение всех категорий
[INFO] [2026-04-04T17:03:33.459Z] Получение всех брендов
[INFO] [2026-04-04T17:03:33.901Z] Получено товаров: 1
